<?xml version="1.0" encoding="UTF-8"?>
<!-- Generated by org.testng.reporters.JUnitReportReporter -->
<testsuite skipped="0" hostname="Munias-MBP.home" name="Test.FirstTest" tests="6" failures="0" timestamp="22 Jan 2019 19:24:10 GMT" time="54.925" errors="0">
  <testcase name="runtest" time="3.558" classname="Test.FirstTest"/>
  <testcase name="runtest" time="3.387" classname="Test.FirstTest"/>
  <testcase name="runtest" time="3.922" classname="Test.FirstTest"/>
  <testcase name="runtest" time="5.369" classname="Test.FirstTest"/>
  <testcase name="runtest" time="35.031" classname="Test.FirstTest"/>
  <testcase name="runtest" time="3.658" classname="Test.FirstTest"/>
</testsuite> <!-- Test.FirstTest -->
